<?xml version="1.0" encoding="UTF-8"?>
<!-- Generated by org.testng.reporters.JUnitReportReporter -->
<testsuite hostname="LAPTOP-HSEDIC80" failures="0" tests="14" name="com.honohr.pulse.configuration.test.HonohrPulseCreateSurveyDefineEngagementParameterTest" time="37.306" errors="0" timestamp="2023-03-21T10:50:55 IST" skipped="0">
  <testcase classname="com.honohr.pulse.configuration.test.HonohrPulseCreateSurveyDefineEngagementParameterTest" name="verifyConfiguration" time="0.960"/>
  <system-out/>
  <testcase classname="com.honohr.pulse.configuration.test.HonohrPulseCreateSurveyDefineEngagementParameterTest" name="verifyAddNewEngagementParameterWithEmptyFields" time="3.569"/>
  <system-out/>
  <testcase classname="com.honohr.pulse.configuration.test.HonohrPulseCreateSurveyDefineEngagementParameterTest" name="verifyAddNewEngagementParameterWithOnlyEngagementParameterName" time="1.612"/>
  <system-out/>
  <testcase classname="com.honohr.pulse.configuration.test.HonohrPulseCreateSurveyDefineEngagementParameterTest" name="verifyAddNewEngagementParameterWithoutEngagementParameterName" time="2.835"/>
  <system-out/>
  <testcase classname="com.honohr.pulse.configuration.test.HonohrPulseCreateSurveyDefineEngagementParameterTest" name="verifyAddNewEngagementParameterWithoutScaleEndValue" time="3.636"/>
  <system-out/>
  <testcase classname="com.honohr.pulse.configuration.test.HonohrPulseCreateSurveyDefineEngagementParameterTest" name="verifyAddNewEngagementParameterWithoutScaleStartValue" time="3.139"/>
  <system-out/>
  <testcase classname="com.honohr.pulse.configuration.test.HonohrPulseCreateSurveyDefineEngagementParameterTest" name="verifyAddNewEngagementParameterWithAllValues" time="4.315"/>
  <system-out/>
  <testcase classname="com.honohr.pulse.configuration.test.HonohrPulseCreateSurveyDefineEngagementParameterTest" name="verifyAddNewSubParameter" time="1.103"/>
  <system-out/>
  <testcase classname="com.honohr.pulse.configuration.test.HonohrPulseCreateSurveyDefineEngagementParameterTest" name="verifyAddNewSubParameterByLeavingEngagementparameter" time="1.111"/>
  <system-out/>
  <testcase classname="com.honohr.pulse.configuration.test.HonohrPulseCreateSurveyDefineEngagementParameterTest" name="verifyAddNewSubParameterByGivingEngagementParameterName" time="2.810"/>
  <system-out/>
  <testcase classname="com.honohr.pulse.configuration.test.HonohrPulseCreateSurveyDefineEngagementParameterTest" name="verifyUpdateEngagementParameterNameWithEmptyValue" time="2.494"/>
  <system-out/>
  <testcase classname="com.honohr.pulse.configuration.test.HonohrPulseCreateSurveyDefineEngagementParameterTest" name="verifyUpdateEngagementParameterWithEmptyScaleStartValue" time="2.934"/>
  <system-out/>
  <testcase classname="com.honohr.pulse.configuration.test.HonohrPulseCreateSurveyDefineEngagementParameterTest" name="verifyUpdateEngagementParameterWithEmptyScaleEndValue" time="2.941"/>
  <system-out/>
  <testcase classname="com.honohr.pulse.configuration.test.HonohrPulseCreateSurveyDefineEngagementParameterTest" name="verifyUpdateEngagementParameterWithEmptyScaleStartAndEndValues" time="3.847"/>
  <system-out/>
</testsuite> <!-- com.honohr.pulse.configuration.test.HonohrPulseCreateSurveyDefineEngagementParameterTest -->
