<?xml version="1.0" encoding="UTF-8"?>
<!-- Generated by org.testng.reporters.JUnitReportReporter -->
<testsuite hostname="LAPTOP-HSEDIC80" failures="0" tests="6" name="com.honohr.pulse.createsurvey.test.HonohrCreatesurveyGeneralTest" time="5.464" errors="0" timestamp="2023-03-13T11:27:24 IST" skipped="0">
  <testcase classname="com.honohr.pulse.createsurvey.test.HonohrCreatesurveyGeneralTest" name="verifyDashboard" time="0.635"/>
  <system-out/>
  <testcase classname="com.honohr.pulse.createsurvey.test.HonohrCreatesurveyGeneralTest" name="verifyCreatesurveyGeneralFunctionality" time="0.330"/>
  <system-out/>
  <testcase classname="com.honohr.pulse.createsurvey.test.HonohrCreatesurveyGeneralTest" name="verifyCreateSurveyGeneralTabDetailsBySelectingOnlyCategory" time="0.360"/>
  <system-out/>
  <testcase classname="com.honohr.pulse.createsurvey.test.HonohrCreatesurveyGeneralTest" name="verifyCreateSurveyGeneralTabDetailsByOnlyGivingSurveyName" time="2.051"/>
  <system-out/>
  <testcase classname="com.honohr.pulse.createsurvey.test.HonohrCreatesurveyGeneralTest" name="verifyCreateSurveyGeneralTabDetailsByOnlyGivingDescription" time="1.021"/>
  <system-out/>
  <testcase classname="com.honohr.pulse.createsurvey.test.HonohrCreatesurveyGeneralTest" name="verifyCreateSurveyGeneralTabDetailsByOnlyGivingDate" time="1.067"/>
  <system-out/>
</testsuite> <!-- com.honohr.pulse.createsurvey.test.HonohrCreatesurveyGeneralTest -->
