<?xml version="1.0" encoding="UTF-8"?>
<!-- Generated by org.testng.reporters.JUnitReportReporter -->
<testsuite hostname="LAPTOP-HSEDIC80" failures="0" tests="13" name="com.honohr.pulse.createsurvey.test.HonohrPulseCreateSurveyTest" time="196.299" errors="0" timestamp="2023-03-21T09:54:29 IST" skipped="0">
  <testcase classname="com.honohr.pulse.createsurvey.test.HonohrPulseCreateSurveyTest" name="verifyDashboard" time="0.922"/>
  <system-out/>
  <testcase classname="com.honohr.pulse.createsurvey.test.HonohrPulseCreateSurveyTest" name="verifyCreateSurveyGeneralTabDetails" time="1.332"/>
  <system-out/>
  <testcase classname="com.honohr.pulse.createsurvey.test.HonohrPulseCreateSurveyTest" name="verifyCreateSurveyTextQuestionDetails" time="31.506"/>
  <system-out/>
  <testcase classname="com.honohr.pulse.createsurvey.test.HonohrPulseCreateSurveyTest" name="verifyCreateSurveyImageTypeQuestionDetails" time="30.576"/>
  <system-out/>
  <testcase classname="com.honohr.pulse.createsurvey.test.HonohrPulseCreateSurveyTest" name="verifyCreateSurveyAudioTypeQuestionDetails" time="30.451"/>
  <system-out/>
  <testcase classname="com.honohr.pulse.createsurvey.test.HonohrPulseCreateSurveyTest" name="verifyCreateSurveyVideoTypeQuestionDetails" time="30.558"/>
  <system-out/>
  <testcase classname="com.honohr.pulse.createsurvey.test.HonohrPulseCreateSurveyTest" name="verifyCreateSurveyDesignTabDetails" time="0.749"/>
  <system-out/>
  <testcase classname="com.honohr.pulse.createsurvey.test.HonohrPulseCreateSurveyTest" name="verifyCreateSurveyWelcomeTabDetails" time="7.304"/>
  <system-out/>
  <testcase classname="com.honohr.pulse.createsurvey.test.HonohrPulseCreateSurveyTest" name="verifyCreateSurveyThankYouTabDetails" time="13.250"/>
  <system-out/>
  <testcase classname="com.honohr.pulse.createsurvey.test.HonohrPulseCreateSurveyTest" name="verifyCreateSurveyPreviewDetails" time="0.266"/>
  <system-out/>
  <testcase classname="com.honohr.pulse.createsurvey.test.HonohrPulseCreateSurveyTest" name="verifyCreateSurveyPreviewStartDetails" time="17.774"/>
  <system-out/>
  <testcase classname="com.honohr.pulse.createsurvey.test.HonohrPulseCreateSurveyTest" name="verifyCreateSurveyPublishDetails" time="1.402"/>
  <system-out/>
  <testcase classname="com.honohr.pulse.createsurvey.test.HonohrPulseCreateSurveyTest" name="verifyCreateSurveyCampaignDetails" time="30.209"/>
  <system-out/>
</testsuite> <!-- com.honohr.pulse.createsurvey.test.HonohrPulseCreateSurveyTest -->
