<?xml version="1.0" encoding="UTF-8"?>
<!-- Generated by org.testng.reporters.JUnitReportReporter -->
<testsuite hostname="LAPTOP-HSEDIC80" failures="0" tests="3" name="com.honohr.pulse.createsurvey.test.HonohrCreateSurveyAddQuestionsTest" time="10.734" errors="0" timestamp="2023-03-20T16:17:26 IST" skipped="0">
  <testcase classname="com.honohr.pulse.createsurvey.test.HonohrCreateSurveyAddQuestionsTest" name="verifyDashboard" time="0.662"/>
  <system-out/>
  <testcase classname="com.honohr.pulse.createsurvey.test.HonohrCreateSurveyAddQuestionsTest" name="verifyCreatesurveyGeneralFunctionality" time="1.487"/>
  <system-out/>
  <testcase classname="com.honohr.pulse.createsurvey.test.HonohrCreateSurveyAddQuestionsTest" name="verifyCreateSurveyQuestionDetailsByUploadAudioAsOption" time="8.585"/>
  <system-out/>
</testsuite> <!-- com.honohr.pulse.createsurvey.test.HonohrCreateSurveyAddQuestionsTest -->
